You chose the file "D:\Users\omkil\Documents\CHPS0706\TP\rect1.ffem"
-- FreeFem++ v4.13 (Sat Jul  8 11:10:05 CEST 2023 - git v4.13)
   file : D:\Users\omkil\Documents\CHPS0706\TP\rect1.ffem
 Load: lg_fem lg_mesh lg_mesh3 eigenvalue
    1 : //fichier rect1.ffem (FreeFem++)
    2 : //================================================
    3 : //maillage structuré d’un rectangle
    4 : //=================================================
    5 : real x0=0.0, y0=0.0;
 *** Warning  The identifier y0 hide a Global identifier
 
    6 : real L=4.0, l=2.0;
    7 :
    8 : mesh Th=square(2,2,[x0+L*x, y0+l*y]);
    9 : plot(Th);
   10 : savemesh(Th, "rectangle_4x2_struct.msh"); sizestack + 1024 =1288  ( 264 )
 
  -- Square mesh : nb vertices  =9 ,  nb triangles = 8 ,  nb boundary edges 8
  number of required edges : 0
times: compile 0.025s, execution 0.006s,  mpirank:0
 ######## We forget of deleting   22 Nb pointer,   0Bytes  ,  mpirank 0, memory leak =0
 CodeAlloc : nb ptr  3752,  size :507488 mpirank: 0
Ok: Normal End
 try getConsole D:\Users\omkil\Documents\CHPS0706\TP\rect1.ffem
